c:\users\admınıstrator\pycharmprojects\hope\yz_akademı\yz_akademı\aprıltagcpp\aprıltag\aprıltag\x64\debug\vc142.pdb
c:\users\admınıstrator\pycharmprojects\hope\yz_akademı\yz_akademı\aprıltagcpp\aprıltag\aprıltag\x64\debug\vc142.ıdb
c:\users\admınıstrator\pycharmprojects\hope\yz_akademı\yz_akademı\aprıltagcpp\aprıltag\aprıltag\x64\debug\aprıltag.obj
c:\users\administrator\pycharmprojects\hope\yz_akademi\yz_akademi\apriltagcpp\apriltag\apriltag\x64\debug\apriltag.obj
c:\users\administrator\pycharmprojects\hope\yz_akademi\yz_akademi\apriltagcpp\apriltag\apriltag\x64\debug\vc142.idb
c:\users\administrator\pycharmprojects\hope\yz_akademi\yz_akademi\apriltagcpp\apriltag\apriltag\x64\debug\vc142.pdb
c:\users\administrator\pycharmprojects\hope\yz_akademi\yz_akademi\apriltagcpp\apriltag\x64\debug\apriltag.pdb
c:\users\administrator\pycharmprojects\hope\yz_akademi\yz_akademi\apriltagcpp\apriltag\x64\debug\apriltag.ilk
c:\users\administrator\pycharmprojects\hope\yz_akademi\yz_akademi\apriltagcpp\apriltag\apriltag\x64\debug\apriltag.tlog\cl.command.1.tlog
c:\users\administrator\pycharmprojects\hope\yz_akademi\yz_akademi\apriltagcpp\apriltag\apriltag\x64\debug\apriltag.tlog\cl.read.1.tlog
c:\users\administrator\pycharmprojects\hope\yz_akademi\yz_akademi\apriltagcpp\apriltag\apriltag\x64\debug\apriltag.tlog\cl.write.1.tlog
c:\users\administrator\pycharmprojects\hope\yz_akademi\yz_akademi\apriltagcpp\apriltag\apriltag\x64\debug\apriltag.tlog\link-cvtres.read.1.tlog
c:\users\administrator\pycharmprojects\hope\yz_akademi\yz_akademi\apriltagcpp\apriltag\apriltag\x64\debug\apriltag.tlog\link-cvtres.write.1.tlog
c:\users\administrator\pycharmprojects\hope\yz_akademi\yz_akademi\apriltagcpp\apriltag\apriltag\x64\debug\apriltag.tlog\link-rc.read.1.tlog
c:\users\administrator\pycharmprojects\hope\yz_akademi\yz_akademi\apriltagcpp\apriltag\apriltag\x64\debug\apriltag.tlog\link-rc.write.1.tlog
c:\users\administrator\pycharmprojects\hope\yz_akademi\yz_akademi\apriltagcpp\apriltag\apriltag\x64\debug\apriltag.tlog\link.1724-cvtres.read.1.tlog
c:\users\administrator\pycharmprojects\hope\yz_akademi\yz_akademi\apriltagcpp\apriltag\apriltag\x64\debug\apriltag.tlog\link.1724-cvtres.write.1.tlog
c:\users\administrator\pycharmprojects\hope\yz_akademi\yz_akademi\apriltagcpp\apriltag\apriltag\x64\debug\apriltag.tlog\link.1724-rc.read.1.tlog
c:\users\administrator\pycharmprojects\hope\yz_akademi\yz_akademi\apriltagcpp\apriltag\apriltag\x64\debug\apriltag.tlog\link.1724-rc.write.1.tlog
c:\users\administrator\pycharmprojects\hope\yz_akademi\yz_akademi\apriltagcpp\apriltag\apriltag\x64\debug\apriltag.tlog\link.1724.read.1.tlog
c:\users\administrator\pycharmprojects\hope\yz_akademi\yz_akademi\apriltagcpp\apriltag\apriltag\x64\debug\apriltag.tlog\link.1724.write.1.tlog
c:\users\administrator\pycharmprojects\hope\yz_akademi\yz_akademi\apriltagcpp\apriltag\apriltag\x64\debug\apriltag.tlog\link.command.1.tlog
c:\users\administrator\pycharmprojects\hope\yz_akademi\yz_akademi\apriltagcpp\apriltag\apriltag\x64\debug\apriltag.tlog\link.read.1.tlog
c:\users\administrator\pycharmprojects\hope\yz_akademi\yz_akademi\apriltagcpp\apriltag\apriltag\x64\debug\apriltag.tlog\link.write.1.tlog
